{"/Users/olejensen/WebstormProjects/SAM/SAM-format/src/formatDate/formatDate.ts": {"path":"/Users/olejensen/WebstormProjects/SAM/SAM-format/src/formatDate/formatDate.ts","statementMap":{"0":{"start":{"line":11,"column":2},"end":{"line":13,"column":3}},"1":{"start":{"line":12,"column":4},"end":{"line":12,"column":44}},"2":{"start":{"line":15,"column":2},"end":{"line":15,"column":37}},"3":{"start":{"line":24,"column":8},"end":{"line":24,"column":64}},"4":{"start":{"line":24,"column":10},"end":{"line":24,"column":26}},"5":{"start":{"line":24,"column":28},"end":{"line":24,"column":49}},"6":{"start":{"line":25,"column":18},"end":{"line":25,"column":20}},"7":{"start":{"line":28,"column":10},"end":{"line":28,"column":26}},"8":{"start":{"line":28,"column":28},"end":{"line":28,"column":38}},"9":{"start":{"line":30,"column":2},"end":{"line":54,"column":3}},"10":{"start":{"line":31,"column":24},"end":{"line":34,"column":5}},"11":{"start":{"line":35,"column":14},"end":{"line":35,"column":13}},"12":{"start":{"line":36,"column":4},"end":{"line":41,"column":5}},"13":{"start":{"line":37,"column":6},"end":{"line":37,"column":56}},"14":{"start":{"line":39,"column":6},"end":{"line":39,"column":26}},"15":{"start":{"line":40,"column":6},"end":{"line":40,"column":24}},"16":{"start":{"line":44,"column":22},"end":{"line":44,"column":39}},"17":{"start":{"line":45,"column":26},"end":{"line":45,"column":66}},"18":{"start":{"line":47,"column":4},"end":{"line":53,"column":5}},"19":{"start":{"line":57,"column":2},"end":{"line":59,"column":3}},"20":{"start":{"line":58,"column":4},"end":{"line":58,"column":26}},"21":{"start":{"line":61,"column":2},"end":{"line":61,"column":18}}},"fnMap":{"0":{"name":"formatDate","decl":{"start":{"line":10,"column":6},"end":{"line":10,"column":26}},"loc":{"start":{"line":10,"column":61},"end":{"line":16,"column":1}}},"1":{"name":"getFormattedDate","decl":{"start":{"line":23,"column":0},"end":{"line":23,"column":25}},"loc":{"start":{"line":23,"column":60},"end":{"line":62,"column":1}}}},"branchMap":{"0":{"loc":{"start":{"line":11,"column":2},"end":{"line":13,"column":3}},"type":"if","locations":[{"start":{"line":11,"column":2},"end":{"line":13,"column":3}},{"start":{"line":11,"column":2},"end":{"line":13,"column":3}}]},"1":{"loc":{"start":{"line":24,"column":8},"end":{"line":24,"column":63}},"type":"binary-expr","locations":[{"start":{"line":24,"column":8},"end":{"line":24,"column":63}},{"start":{"line":24,"column":8},"end":{"line":24,"column":64}}]},"2":{"loc":{"start":{"line":24,"column":10},"end":{"line":24,"column":25}},"type":"cond-expr","locations":[{"start":{"line":24,"column":10},"end":{"line":24,"column":25}},{"start":{"line":24,"column":10},"end":{"line":24,"column":26}}]},"3":{"loc":{"start":{"line":24,"column":28},"end":{"line":24,"column":48}},"type":"cond-expr","locations":[{"start":{"line":24,"column":28},"end":{"line":24,"column":48}},{"start":{"line":24,"column":28},"end":{"line":24,"column":49}}]},"4":{"loc":{"start":{"line":30,"column":2},"end":{"line":54,"column":3}},"type":"if","locations":[{"start":{"line":30,"column":2},"end":{"line":54,"column":3}},{"start":{"line":30,"column":2},"end":{"line":54,"column":3}}]},"5":{"loc":{"start":{"line":30,"column":6},"end":{"line":30,"column":16}},"type":"binary-expr","locations":[{"start":{"line":30,"column":6},"end":{"line":30,"column":16}},{"start":{"line":30,"column":20},"end":{"line":30,"column":30}}]},"6":{"loc":{"start":{"line":49,"column":6},"end":{"line":49,"column":15}},"type":"binary-expr","locations":[{"start":{"line":49,"column":6},"end":{"line":49,"column":15}},{"start":{"line":49,"column":19},"end":{"line":49,"column":76}}]},"7":{"loc":{"start":{"line":49,"column":53},"end":{"line":49,"column":69}},"type":"cond-expr","locations":[{"start":{"line":49,"column":53},"end":{"line":49,"column":69}},{"start":{"line":49,"column":72},"end":{"line":49,"column":74}}]},"8":{"loc":{"start":{"line":57,"column":2},"end":{"line":59,"column":3}},"type":"if","locations":[{"start":{"line":57,"column":2},"end":{"line":59,"column":3}},{"start":{"line":57,"column":2},"end":{"line":59,"column":3}}]}},"s":{"0":10,"1":1,"2":9,"3":9,"4":18,"5":18,"6":9,"7":9,"8":9,"9":9,"10":9,"11":9,"12":9,"13":9,"14":0,"15":0,"16":9,"17":9,"18":9,"19":9,"20":1,"21":8},"f":{"0":10,"1":9},"b":{"0":[1,9],"1":[9,3],"2":[6,3],"3":[6,3],"4":[9,0],"5":[9,9],"6":[9,6],"7":[3,3],"8":[1,8]}}
,"/Users/olejensen/WebstormProjects/SAM/SAM-format/src/formatNumber/formatNumber.ts": {"path":"/Users/olejensen/WebstormProjects/SAM/SAM-format/src/formatNumber/formatNumber.ts","statementMap":{"0":{"start":{"line":14,"column":2},"end":{"line":16,"column":3}},"1":{"start":{"line":15,"column":4},"end":{"line":15,"column":44}},"2":{"start":{"line":18,"column":2},"end":{"line":18,"column":41}},"3":{"start":{"line":30,"column":8},"end":{"line":35,"column":14}},"4":{"start":{"line":31,"column":4},"end":{"line":31,"column":24}},"5":{"start":{"line":32,"column":4},"end":{"line":32,"column":27}},"6":{"start":{"line":33,"column":4},"end":{"line":33,"column":30}},"7":{"start":{"line":37,"column":18},"end":{"line":37,"column":20}},"8":{"start":{"line":39,"column":2},"end":{"line":68,"column":3}},"9":{"start":{"line":41,"column":45},"end":{"line":41,"column":47}},"10":{"start":{"line":44,"column":26},"end":{"line":44,"column":61}},"11":{"start":{"line":45,"column":20},"end":{"line":45,"column":47}},"12":{"start":{"line":46,"column":27},"end":{"line":46,"column":44}},"13":{"start":{"line":48,"column":4},"end":{"line":55,"column":5}},"14":{"start":{"line":50,"column":8},"end":{"line":50,"column":40}},"15":{"start":{"line":51,"column":8},"end":{"line":51,"column":13}},"16":{"start":{"line":53,"column":8},"end":{"line":53,"column":40}},"17":{"start":{"line":54,"column":8},"end":{"line":54,"column":13}},"18":{"start":{"line":57,"column":4},"end":{"line":61,"column":5}},"19":{"start":{"line":58,"column":6},"end":{"line":58,"column":46}},"20":{"start":{"line":60,"column":6},"end":{"line":60,"column":29}},"21":{"start":{"line":64,"column":4},"end":{"line":64,"column":67}},"22":{"start":{"line":65,"column":4},"end":{"line":65,"column":57}},"23":{"start":{"line":67,"column":4},"end":{"line":67,"column":42}},"24":{"start":{"line":69,"column":2},"end":{"line":69,"column":18}}},"fnMap":{"0":{"name":"formatNumber","decl":{"start":{"line":10,"column":6},"end":{"line":11,"column":1}},"loc":{"start":{"line":12,"column":32},"end":{"line":19,"column":1}}},"1":{"name":"getFormattedNumber","decl":{"start":{"line":26,"column":0},"end":{"line":27,"column":1}},"loc":{"start":{"line":28,"column":32},"end":{"line":70,"column":1}}}},"branchMap":{"0":{"loc":{"start":{"line":14,"column":2},"end":{"line":16,"column":3}},"type":"if","locations":[{"start":{"line":14,"column":2},"end":{"line":16,"column":3}},{"start":{"line":14,"column":2},"end":{"line":16,"column":3}}]},"1":{"loc":{"start":{"line":30,"column":8},"end":{"line":35,"column":13}},"type":"binary-expr","locations":[{"start":{"line":30,"column":8},"end":{"line":35,"column":13}},{"start":{"line":30,"column":8},"end":{"line":35,"column":14}}]},"2":{"loc":{"start":{"line":31,"column":4},"end":{"line":31,"column":23}},"type":"cond-expr","locations":[{"start":{"line":31,"column":4},"end":{"line":31,"column":23}},{"start":{"line":31,"column":4},"end":{"line":31,"column":24}}]},"3":{"loc":{"start":{"line":32,"column":4},"end":{"line":32,"column":26}},"type":"cond-expr","locations":[{"start":{"line":32,"column":4},"end":{"line":32,"column":26}},{"start":{"line":32,"column":4},"end":{"line":32,"column":27}}]},"4":{"loc":{"start":{"line":33,"column":4},"end":{"line":33,"column":29}},"type":"cond-expr","locations":[{"start":{"line":33,"column":4},"end":{"line":33,"column":29}},{"start":{"line":33,"column":4},"end":{"line":33,"column":30}}]},"5":{"loc":{"start":{"line":39,"column":2},"end":{"line":68,"column":3}},"type":"if","locations":[{"start":{"line":39,"column":2},"end":{"line":68,"column":3}},{"start":{"line":39,"column":2},"end":{"line":68,"column":3}}]},"6":{"loc":{"start":{"line":49,"column":6},"end":{"line":51,"column":13}},"type":"switch","locations":[{"start":{"line":49,"column":6},"end":{"line":51,"column":13}},{"start":{"line":52,"column":6},"end":{"line":54,"column":13}}]},"7":{"loc":{"start":{"line":57,"column":4},"end":{"line":61,"column":5}},"type":"if","locations":[{"start":{"line":57,"column":4},"end":{"line":61,"column":5}},{"start":{"line":57,"column":4},"end":{"line":61,"column":5}}]}},"s":{"0":12,"1":1,"2":11,"3":11,"4":22,"5":22,"6":22,"7":11,"8":11,"9":11,"10":11,"11":11,"12":11,"13":11,"14":5,"15":5,"16":1,"17":1,"18":11,"19":4,"20":7,"21":11,"22":11,"23":11,"24":11},"f":{"0":12,"1":11},"b":{"0":[1,11],"1":[11,2],"2":[4,7],"3":[7,4],"4":[5,6],"5":[11,0],"6":[5,1],"7":[4,7]}}
,"/Users/olejensen/WebstormProjects/SAM/SAM-format/src/formatNumber/formatters/formatCurrency.ts": {"path":"/Users/olejensen/WebstormProjects/SAM/SAM-format/src/formatNumber/formatters/formatCurrency.ts","statementMap":{"0":{"start":{"line":6,"column":2},"end":{"line":9,"column":32}},"1":{"start":{"line":7,"column":4},"end":{"line":7,"column":23}},"2":{"start":{"line":8,"column":4},"end":{"line":8,"column":32}},"3":{"start":{"line":11,"column":2},"end":{"line":15,"column":4}}},"fnMap":{"0":{"name":"formatCurrency","decl":{"start":{"line":4,"column":6},"end":{"line":5,"column":1}},"loc":{"start":{"line":9,"column":32},"end":{"line":16,"column":1}}}},"branchMap":{"0":{"loc":{"start":{"line":6,"column":2},"end":{"line":9,"column":31}},"type":"cond-expr","locations":[{"start":{"line":6,"column":2},"end":{"line":9,"column":31}},{"start":{"line":6,"column":2},"end":{"line":9,"column":32}}]},"1":{"loc":{"start":{"line":7,"column":4},"end":{"line":7,"column":22}},"type":"cond-expr","locations":[{"start":{"line":7,"column":4},"end":{"line":7,"column":22}},{"start":{"line":7,"column":4},"end":{"line":7,"column":23}}]},"2":{"loc":{"start":{"line":8,"column":4},"end":{"line":8,"column":31}},"type":"cond-expr","locations":[{"start":{"line":8,"column":4},"end":{"line":8,"column":31}},{"start":{"line":8,"column":4},"end":{"line":8,"column":32}}]}},"s":{"0":2,"1":4,"2":4,"3":2},"f":{"0":2},"b":{"0":[2,0],"1":[2,0],"2":[2,0]}}
,"/Users/olejensen/WebstormProjects/SAM/SAM-format/src/formatNumber/formatters/formatMileage.ts": {"path":"/Users/olejensen/WebstormProjects/SAM/SAM-format/src/formatNumber/formatters/formatMileage.ts","statementMap":{"0":{"start":{"line":5,"column":8},"end":{"line":5,"column":75}},"1":{"start":{"line":5,"column":10},"end":{"line":5,"column":30}},"2":{"start":{"line":5,"column":32},"end":{"line":5,"column":60}},"3":{"start":{"line":6,"column":2},"end":{"line":10,"column":4}}},"fnMap":{"0":{"name":"formatMileage","decl":{"start":{"line":4,"column":6},"end":{"line":4,"column":29}},"loc":{"start":{"line":4,"column":72},"end":{"line":11,"column":1}}}},"branchMap":{"0":{"loc":{"start":{"line":5,"column":8},"end":{"line":5,"column":74}},"type":"binary-expr","locations":[{"start":{"line":5,"column":8},"end":{"line":5,"column":74}},{"start":{"line":5,"column":8},"end":{"line":5,"column":75}}]},"1":{"loc":{"start":{"line":5,"column":10},"end":{"line":5,"column":29}},"type":"cond-expr","locations":[{"start":{"line":5,"column":10},"end":{"line":5,"column":29}},{"start":{"line":5,"column":10},"end":{"line":5,"column":30}}]},"2":{"loc":{"start":{"line":5,"column":32},"end":{"line":5,"column":59}},"type":"cond-expr","locations":[{"start":{"line":5,"column":32},"end":{"line":5,"column":59}},{"start":{"line":5,"column":32},"end":{"line":5,"column":60}}]}},"s":{"0":2,"1":4,"2":4,"3":2},"f":{"0":2},"b":{"0":[2,2],"1":[2,0],"2":[2,0]}}
,"/Users/olejensen/WebstormProjects/SAM/SAM-format/src/init/init.ts": {"path":"/Users/olejensen/WebstormProjects/SAM/SAM-format/src/init/init.ts","statementMap":{"0":{"start":{"line":7,"column":41},"end":{"line":10,"column":1}},"1":{"start":{"line":18,"column":4},"end":{"line":18,"column":68}},"2":{"start":{"line":21,"column":2},"end":{"line":32,"column":3}},"3":{"start":{"line":22,"column":19},"end":{"line":22,"column":59}},"4":{"start":{"line":23,"column":4},"end":{"line":23,"column":26}},"5":{"start":{"line":24,"column":4},"end":{"line":28,"column":5}},"6":{"start":{"line":30,"column":4},"end":{"line":30,"column":24}},"7":{"start":{"line":31,"column":4},"end":{"line":31,"column":64}}},"fnMap":{"0":{"name":"init","decl":{"start":{"line":16,"column":6},"end":{"line":16,"column":20}},"loc":{"start":{"line":16,"column":48},"end":{"line":33,"column":1}}}},"branchMap":{"0":{"loc":{"start":{"line":18,"column":33},"end":{"line":18,"column":48}},"type":"cond-expr","locations":[{"start":{"line":18,"column":33},"end":{"line":18,"column":48}},{"start":{"line":18,"column":51},"end":{"line":18,"column":68}}]},"1":{"loc":{"start":{"line":18,"column":4},"end":{"line":18,"column":11}},"type":"binary-expr","locations":[{"start":{"line":18,"column":4},"end":{"line":18,"column":11}},{"start":{"line":18,"column":15},"end":{"line":18,"column":30}}]}},"s":{"0":5,"1":11,"2":11,"3":11,"4":10,"5":10,"6":1,"7":1},"f":{"0":11},"b":{"0":[10,1],"1":[11,10]}}
,"/Users/olejensen/WebstormProjects/SAM/SAM-format/src/locales/da-DK.ts": {"path":"/Users/olejensen/WebstormProjects/SAM/SAM-format/src/locales/da-DK.ts","statementMap":{"0":{"start":{"line":3,"column":37},"end":{"line":31,"column":1}}},"fnMap":{},"branchMap":{},"s":{"0":5},"f":{},"b":{}}
,"/Users/olejensen/WebstormProjects/SAM/SAM-format/src/locales/sv-SE.ts": {"path":"/Users/olejensen/WebstormProjects/SAM/SAM-format/src/locales/sv-SE.ts","statementMap":{"0":{"start":{"line":3,"column":37},"end":{"line":31,"column":1}}},"fnMap":{},"branchMap":{},"s":{"0":4},"f":{},"b":{}}
}
