{"/Users/olejensen/WebstormProjects/SAM/SAM-format/src/formatDate/formatDate.ts": {"path":"/Users/olejensen/WebstormProjects/SAM/SAM-format/src/formatDate/formatDate.ts","statementMap":{"0":{"start":{"line":15,"column":2},"end":{"line":17,"column":3}},"1":{"start":{"line":16,"column":4},"end":{"line":16,"column":44}},"2":{"start":{"line":20,"column":2},"end":{"line":27,"column":3}},"3":{"start":{"line":21,"column":4},"end":{"line":26,"column":5}},"4":{"start":{"line":22,"column":6},"end":{"line":22,"column":27}},"5":{"start":{"line":24,"column":6},"end":{"line":24,"column":79}},"6":{"start":{"line":25,"column":6},"end":{"line":25,"column":17}},"7":{"start":{"line":29,"column":2},"end":{"line":29,"column":37}},"8":{"start":{"line":38,"column":8},"end":{"line":38,"column":64}},"9":{"start":{"line":38,"column":10},"end":{"line":38,"column":26}},"10":{"start":{"line":38,"column":28},"end":{"line":38,"column":49}},"11":{"start":{"line":39,"column":18},"end":{"line":39,"column":20}},"12":{"start":{"line":42,"column":10},"end":{"line":42,"column":26}},"13":{"start":{"line":42,"column":28},"end":{"line":42,"column":38}},"14":{"start":{"line":44,"column":2},"end":{"line":68,"column":3}},"15":{"start":{"line":45,"column":24},"end":{"line":48,"column":5}},"16":{"start":{"line":49,"column":14},"end":{"line":49,"column":13}},"17":{"start":{"line":50,"column":4},"end":{"line":55,"column":5}},"18":{"start":{"line":51,"column":6},"end":{"line":51,"column":56}},"19":{"start":{"line":53,"column":6},"end":{"line":53,"column":26}},"20":{"start":{"line":54,"column":6},"end":{"line":54,"column":24}},"21":{"start":{"line":58,"column":22},"end":{"line":58,"column":39}},"22":{"start":{"line":59,"column":26},"end":{"line":59,"column":66}},"23":{"start":{"line":61,"column":4},"end":{"line":67,"column":5}},"24":{"start":{"line":71,"column":2},"end":{"line":73,"column":3}},"25":{"start":{"line":72,"column":4},"end":{"line":72,"column":26}},"26":{"start":{"line":75,"column":2},"end":{"line":75,"column":18}}},"fnMap":{"0":{"name":"formatDate","decl":{"start":{"line":11,"column":6},"end":{"line":12,"column":1}},"loc":{"start":{"line":13,"column":27},"end":{"line":30,"column":1}}},"1":{"name":"getFormattedDate","decl":{"start":{"line":37,"column":0},"end":{"line":37,"column":25}},"loc":{"start":{"line":37,"column":63},"end":{"line":76,"column":1}}}},"branchMap":{"0":{"loc":{"start":{"line":15,"column":2},"end":{"line":17,"column":3}},"type":"if","locations":[{"start":{"line":15,"column":2},"end":{"line":17,"column":3}},{"start":{"line":15,"column":2},"end":{"line":17,"column":3}}]},"1":{"loc":{"start":{"line":20,"column":2},"end":{"line":27,"column":3}},"type":"if","locations":[{"start":{"line":20,"column":2},"end":{"line":27,"column":3}},{"start":{"line":20,"column":2},"end":{"line":27,"column":3}}]},"2":{"loc":{"start":{"line":38,"column":8},"end":{"line":38,"column":63}},"type":"binary-expr","locations":[{"start":{"line":38,"column":8},"end":{"line":38,"column":63}},{"start":{"line":38,"column":8},"end":{"line":38,"column":64}}]},"3":{"loc":{"start":{"line":38,"column":10},"end":{"line":38,"column":25}},"type":"cond-expr","locations":[{"start":{"line":38,"column":10},"end":{"line":38,"column":25}},{"start":{"line":38,"column":10},"end":{"line":38,"column":26}}]},"4":{"loc":{"start":{"line":38,"column":28},"end":{"line":38,"column":48}},"type":"cond-expr","locations":[{"start":{"line":38,"column":28},"end":{"line":38,"column":48}},{"start":{"line":38,"column":28},"end":{"line":38,"column":49}}]},"5":{"loc":{"start":{"line":44,"column":2},"end":{"line":68,"column":3}},"type":"if","locations":[{"start":{"line":44,"column":2},"end":{"line":68,"column":3}},{"start":{"line":44,"column":2},"end":{"line":68,"column":3}}]},"6":{"loc":{"start":{"line":44,"column":6},"end":{"line":44,"column":16}},"type":"binary-expr","locations":[{"start":{"line":44,"column":6},"end":{"line":44,"column":16}},{"start":{"line":44,"column":20},"end":{"line":44,"column":30}}]},"7":{"loc":{"start":{"line":63,"column":6},"end":{"line":63,"column":15}},"type":"binary-expr","locations":[{"start":{"line":63,"column":6},"end":{"line":63,"column":15}},{"start":{"line":63,"column":19},"end":{"line":63,"column":76}}]},"8":{"loc":{"start":{"line":63,"column":53},"end":{"line":63,"column":69}},"type":"cond-expr","locations":[{"start":{"line":63,"column":53},"end":{"line":63,"column":69}},{"start":{"line":63,"column":72},"end":{"line":63,"column":74}}]},"9":{"loc":{"start":{"line":71,"column":2},"end":{"line":73,"column":3}},"type":"if","locations":[{"start":{"line":71,"column":2},"end":{"line":73,"column":3}},{"start":{"line":71,"column":2},"end":{"line":73,"column":3}}]}},"s":{"0":11,"1":1,"2":10,"3":1,"4":1,"5":0,"6":0,"7":10,"8":10,"9":20,"10":20,"11":10,"12":10,"13":10,"14":10,"15":10,"16":10,"17":10,"18":10,"19":0,"20":0,"21":10,"22":10,"23":10,"24":10,"25":1,"26":9},"f":{"0":11,"1":10},"b":{"0":[1,10],"1":[1,9],"2":[10,3],"3":[6,4],"4":[7,3],"5":[10,0],"6":[10,10],"7":[10,7],"8":[4,3],"9":[1,9]}}
,"/Users/olejensen/WebstormProjects/SAM/SAM-format/src/formatNumber/formatNumber.ts": {"path":"/Users/olejensen/WebstormProjects/SAM/SAM-format/src/formatNumber/formatNumber.ts","statementMap":{"0":{"start":{"line":14,"column":2},"end":{"line":18,"column":3}},"1":{"start":{"line":15,"column":16},"end":{"line":15,"column":43}},"2":{"start":{"line":16,"column":4},"end":{"line":16,"column":22}},"3":{"start":{"line":17,"column":4},"end":{"line":17,"column":20}},"4":{"start":{"line":20,"column":2},"end":{"line":22,"column":3}},"5":{"start":{"line":21,"column":4},"end":{"line":21,"column":41}},"6":{"start":{"line":24,"column":2},"end":{"line":28,"column":3}},"7":{"start":{"line":25,"column":19},"end":{"line":25,"column":43}},"8":{"start":{"line":26,"column":4},"end":{"line":26,"column":22}},"9":{"start":{"line":27,"column":4},"end":{"line":27,"column":20}},"10":{"start":{"line":30,"column":2},"end":{"line":30,"column":41}},"11":{"start":{"line":42,"column":8},"end":{"line":47,"column":14}},"12":{"start":{"line":43,"column":4},"end":{"line":43,"column":24}},"13":{"start":{"line":44,"column":4},"end":{"line":44,"column":27}},"14":{"start":{"line":45,"column":4},"end":{"line":45,"column":30}},"15":{"start":{"line":49,"column":18},"end":{"line":49,"column":20}},"16":{"start":{"line":51,"column":2},"end":{"line":80,"column":3}},"17":{"start":{"line":53,"column":45},"end":{"line":53,"column":47}},"18":{"start":{"line":56,"column":26},"end":{"line":56,"column":61}},"19":{"start":{"line":57,"column":20},"end":{"line":57,"column":47}},"20":{"start":{"line":58,"column":27},"end":{"line":58,"column":44}},"21":{"start":{"line":60,"column":4},"end":{"line":67,"column":5}},"22":{"start":{"line":62,"column":8},"end":{"line":62,"column":40}},"23":{"start":{"line":63,"column":8},"end":{"line":63,"column":13}},"24":{"start":{"line":65,"column":8},"end":{"line":65,"column":40}},"25":{"start":{"line":66,"column":8},"end":{"line":66,"column":13}},"26":{"start":{"line":69,"column":4},"end":{"line":73,"column":5}},"27":{"start":{"line":70,"column":6},"end":{"line":70,"column":46}},"28":{"start":{"line":72,"column":6},"end":{"line":72,"column":29}},"29":{"start":{"line":76,"column":4},"end":{"line":76,"column":67}},"30":{"start":{"line":77,"column":4},"end":{"line":77,"column":57}},"31":{"start":{"line":79,"column":4},"end":{"line":79,"column":42}},"32":{"start":{"line":81,"column":2},"end":{"line":81,"column":18}}},"fnMap":{"0":{"name":"formatNumber","decl":{"start":{"line":10,"column":6},"end":{"line":11,"column":1}},"loc":{"start":{"line":12,"column":32},"end":{"line":31,"column":1}}},"1":{"name":"getFormattedNumber","decl":{"start":{"line":38,"column":0},"end":{"line":39,"column":1}},"loc":{"start":{"line":40,"column":32},"end":{"line":82,"column":1}}}},"branchMap":{"0":{"loc":{"start":{"line":14,"column":2},"end":{"line":18,"column":3}},"type":"if","locations":[{"start":{"line":14,"column":2},"end":{"line":18,"column":3}},{"start":{"line":14,"column":2},"end":{"line":18,"column":3}}]},"1":{"loc":{"start":{"line":20,"column":2},"end":{"line":22,"column":3}},"type":"if","locations":[{"start":{"line":20,"column":2},"end":{"line":22,"column":3}},{"start":{"line":20,"column":2},"end":{"line":22,"column":3}}]},"2":{"loc":{"start":{"line":24,"column":2},"end":{"line":28,"column":3}},"type":"if","locations":[{"start":{"line":24,"column":2},"end":{"line":28,"column":3}},{"start":{"line":24,"column":2},"end":{"line":28,"column":3}}]},"3":{"loc":{"start":{"line":42,"column":8},"end":{"line":47,"column":13}},"type":"binary-expr","locations":[{"start":{"line":42,"column":8},"end":{"line":47,"column":13}},{"start":{"line":42,"column":8},"end":{"line":47,"column":14}}]},"4":{"loc":{"start":{"line":43,"column":4},"end":{"line":43,"column":23}},"type":"cond-expr","locations":[{"start":{"line":43,"column":4},"end":{"line":43,"column":23}},{"start":{"line":43,"column":4},"end":{"line":43,"column":24}}]},"5":{"loc":{"start":{"line":44,"column":4},"end":{"line":44,"column":26}},"type":"cond-expr","locations":[{"start":{"line":44,"column":4},"end":{"line":44,"column":26}},{"start":{"line":44,"column":4},"end":{"line":44,"column":27}}]},"6":{"loc":{"start":{"line":45,"column":4},"end":{"line":45,"column":29}},"type":"cond-expr","locations":[{"start":{"line":45,"column":4},"end":{"line":45,"column":29}},{"start":{"line":45,"column":4},"end":{"line":45,"column":30}}]},"7":{"loc":{"start":{"line":51,"column":2},"end":{"line":80,"column":3}},"type":"if","locations":[{"start":{"line":51,"column":2},"end":{"line":80,"column":3}},{"start":{"line":51,"column":2},"end":{"line":80,"column":3}}]},"8":{"loc":{"start":{"line":61,"column":6},"end":{"line":63,"column":13}},"type":"switch","locations":[{"start":{"line":61,"column":6},"end":{"line":63,"column":13}},{"start":{"line":64,"column":6},"end":{"line":66,"column":13}}]},"9":{"loc":{"start":{"line":69,"column":4},"end":{"line":73,"column":5}},"type":"if","locations":[{"start":{"line":69,"column":4},"end":{"line":73,"column":5}},{"start":{"line":69,"column":4},"end":{"line":73,"column":5}}]}},"s":{"0":20,"1":1,"2":1,"3":1,"4":19,"5":3,"6":19,"7":1,"8":1,"9":1,"10":18,"11":18,"12":36,"13":36,"14":36,"15":18,"16":18,"17":18,"18":18,"19":18,"20":18,"21":18,"22":5,"23":5,"24":3,"25":3,"26":18,"27":8,"28":10,"29":18,"30":18,"31":18,"32":18},"f":{"0":20,"1":18},"b":{"0":[1,19],"1":[3,16],"2":[1,18],"3":[18,2],"4":[4,14],"5":[8,10],"6":[6,12],"7":[18,0],"8":[5,3],"9":[8,10]}}
,"/Users/olejensen/WebstormProjects/SAM/SAM-format/src/formatNumber/formatters/formatCurrency.ts": {"path":"/Users/olejensen/WebstormProjects/SAM/SAM-format/src/formatNumber/formatters/formatCurrency.ts","statementMap":{"0":{"start":{"line":6,"column":2},"end":{"line":9,"column":32}},"1":{"start":{"line":7,"column":4},"end":{"line":7,"column":23}},"2":{"start":{"line":8,"column":4},"end":{"line":8,"column":30}},"3":{"start":{"line":11,"column":2},"end":{"line":15,"column":4}}},"fnMap":{"0":{"name":"formatCurrency","decl":{"start":{"line":4,"column":6},"end":{"line":5,"column":1}},"loc":{"start":{"line":9,"column":32},"end":{"line":16,"column":1}}}},"branchMap":{"0":{"loc":{"start":{"line":6,"column":2},"end":{"line":9,"column":31}},"type":"cond-expr","locations":[{"start":{"line":6,"column":2},"end":{"line":9,"column":31}},{"start":{"line":6,"column":2},"end":{"line":9,"column":32}}]},"1":{"loc":{"start":{"line":7,"column":4},"end":{"line":7,"column":22}},"type":"cond-expr","locations":[{"start":{"line":7,"column":4},"end":{"line":7,"column":22}},{"start":{"line":7,"column":4},"end":{"line":7,"column":23}}]},"2":{"loc":{"start":{"line":8,"column":4},"end":{"line":8,"column":29}},"type":"cond-expr","locations":[{"start":{"line":8,"column":4},"end":{"line":8,"column":29}},{"start":{"line":8,"column":4},"end":{"line":8,"column":30}}]}},"s":{"0":6,"1":12,"2":12,"3":6},"f":{"0":6},"b":{"0":[2,4],"1":[6,0],"2":[2,4]}}
,"/Users/olejensen/WebstormProjects/SAM/SAM-format/src/formatNumber/formatters/formatMileage.ts": {"path":"/Users/olejensen/WebstormProjects/SAM/SAM-format/src/formatNumber/formatters/formatMileage.ts","statementMap":{"0":{"start":{"line":8,"column":8},"end":{"line":8,"column":73}},"1":{"start":{"line":8,"column":10},"end":{"line":8,"column":30}},"2":{"start":{"line":8,"column":32},"end":{"line":8,"column":58}},"3":{"start":{"line":9,"column":2},"end":{"line":13,"column":4}}},"fnMap":{"0":{"name":"formatMileage","decl":{"start":{"line":4,"column":6},"end":{"line":5,"column":1}},"loc":{"start":{"line":6,"column":29},"end":{"line":14,"column":1}}}},"branchMap":{"0":{"loc":{"start":{"line":8,"column":8},"end":{"line":8,"column":72}},"type":"binary-expr","locations":[{"start":{"line":8,"column":8},"end":{"line":8,"column":72}},{"start":{"line":8,"column":8},"end":{"line":8,"column":73}}]},"1":{"loc":{"start":{"line":8,"column":10},"end":{"line":8,"column":29}},"type":"cond-expr","locations":[{"start":{"line":8,"column":10},"end":{"line":8,"column":29}},{"start":{"line":8,"column":10},"end":{"line":8,"column":30}}]},"2":{"loc":{"start":{"line":8,"column":32},"end":{"line":8,"column":57}},"type":"cond-expr","locations":[{"start":{"line":8,"column":32},"end":{"line":8,"column":57}},{"start":{"line":8,"column":32},"end":{"line":8,"column":58}}]}},"s":{"0":4,"1":8,"2":8,"3":4},"f":{"0":4},"b":{"0":[4,2],"1":[4,0],"2":[2,2]}}
,"/Users/olejensen/WebstormProjects/SAM/SAM-format/src/init/init.ts": {"path":"/Users/olejensen/WebstormProjects/SAM/SAM-format/src/init/init.ts","statementMap":{"0":{"start":{"line":7,"column":41},"end":{"line":10,"column":1}},"1":{"start":{"line":18,"column":4},"end":{"line":18,"column":68}},"2":{"start":{"line":21,"column":2},"end":{"line":32,"column":3}},"3":{"start":{"line":22,"column":19},"end":{"line":22,"column":59}},"4":{"start":{"line":23,"column":4},"end":{"line":23,"column":26}},"5":{"start":{"line":24,"column":4},"end":{"line":28,"column":5}},"6":{"start":{"line":30,"column":4},"end":{"line":30,"column":24}},"7":{"start":{"line":31,"column":4},"end":{"line":31,"column":64}}},"fnMap":{"0":{"name":"init","decl":{"start":{"line":16,"column":6},"end":{"line":16,"column":20}},"loc":{"start":{"line":16,"column":48},"end":{"line":33,"column":1}}}},"branchMap":{"0":{"loc":{"start":{"line":18,"column":33},"end":{"line":18,"column":48}},"type":"cond-expr","locations":[{"start":{"line":18,"column":33},"end":{"line":18,"column":48}},{"start":{"line":18,"column":51},"end":{"line":18,"column":68}}]},"1":{"loc":{"start":{"line":18,"column":4},"end":{"line":18,"column":11}},"type":"binary-expr","locations":[{"start":{"line":18,"column":4},"end":{"line":18,"column":11}},{"start":{"line":18,"column":15},"end":{"line":18,"column":30}}]}},"s":{"0":5,"1":12,"2":12,"3":12,"4":11,"5":11,"6":1,"7":1},"f":{"0":12},"b":{"0":[11,1],"1":[12,11]}}
,"/Users/olejensen/WebstormProjects/SAM/SAM-format/src/locales/da-DK.ts": {"path":"/Users/olejensen/WebstormProjects/SAM/SAM-format/src/locales/da-DK.ts","statementMap":{"0":{"start":{"line":3,"column":37},"end":{"line":31,"column":1}}},"fnMap":{},"branchMap":{},"s":{"0":5},"f":{},"b":{}}
,"/Users/olejensen/WebstormProjects/SAM/SAM-format/src/locales/sv-SE.ts": {"path":"/Users/olejensen/WebstormProjects/SAM/SAM-format/src/locales/sv-SE.ts","statementMap":{"0":{"start":{"line":3,"column":37},"end":{"line":31,"column":1}}},"fnMap":{},"branchMap":{},"s":{"0":4},"f":{},"b":{}}
}
