TN:
SF:/Users/olejensen/WebstormProjects/SAM/SAM-format/src/formatDate/formatDate.ts
FN:11,formatDate
FN:37,getFormattedDate
FNF:2
FNH:2
FNDA:11,formatDate
FNDA:10,getFormattedDate
DA:15,11
DA:16,1
DA:20,10
DA:21,1
DA:22,1
DA:24,0
DA:25,0
DA:29,10
DA:38,20
DA:39,10
DA:42,10
DA:44,10
DA:45,10
DA:49,10
DA:50,10
DA:51,10
DA:53,0
DA:54,0
DA:58,10
DA:59,10
DA:61,10
DA:71,10
DA:72,1
DA:75,9
LF:24
LH:20
BRDA:15,0,0,1
BRDA:15,0,1,10
BRDA:20,1,0,1
BRDA:20,1,1,9
BRDA:38,2,0,10
BRDA:38,2,1,3
BRDA:38,3,0,6
BRDA:38,3,1,4
BRDA:38,4,0,7
BRDA:38,4,1,3
BRDA:44,5,0,10
BRDA:44,5,1,0
BRDA:44,6,0,10
BRDA:44,6,1,10
BRDA:63,7,0,10
BRDA:63,7,1,7
BRDA:63,8,0,4
BRDA:63,8,1,3
BRDA:71,9,0,1
BRDA:71,9,1,9
BRF:20
BRH:19
end_of_record
TN:
SF:/Users/olejensen/WebstormProjects/SAM/SAM-format/src/formatNumber/formatNumber.ts
FN:10,formatNumber
FN:38,getFormattedNumber
FNF:2
FNH:2
FNDA:20,formatNumber
FNDA:18,getFormattedNumber
DA:14,20
DA:15,1
DA:16,1
DA:17,1
DA:20,19
DA:21,3
DA:24,19
DA:25,1
DA:26,1
DA:27,1
DA:30,18
DA:42,18
DA:43,36
DA:44,36
DA:45,36
DA:49,18
DA:51,18
DA:53,18
DA:56,18
DA:57,18
DA:58,18
DA:60,18
DA:62,5
DA:63,5
DA:65,3
DA:66,3
DA:69,18
DA:70,8
DA:72,10
DA:76,18
DA:77,18
DA:79,18
DA:81,18
LF:33
LH:33
BRDA:14,0,0,1
BRDA:14,0,1,19
BRDA:20,1,0,3
BRDA:20,1,1,16
BRDA:24,2,0,1
BRDA:24,2,1,18
BRDA:42,3,0,18
BRDA:42,3,1,2
BRDA:43,4,0,4
BRDA:43,4,1,14
BRDA:44,5,0,8
BRDA:44,5,1,10
BRDA:45,6,0,6
BRDA:45,6,1,12
BRDA:51,7,0,18
BRDA:51,7,1,0
BRDA:61,8,0,5
BRDA:61,8,1,3
BRDA:69,9,0,8
BRDA:69,9,1,10
BRF:20
BRH:19
end_of_record
TN:
SF:/Users/olejensen/WebstormProjects/SAM/SAM-format/src/formatNumber/formatters/formatCurrency.ts
FN:4,formatCurrency
FNF:1
FNH:1
FNDA:6,formatCurrency
DA:6,6
DA:7,12
DA:8,12
DA:11,6
LF:4
LH:4
BRDA:6,0,0,2
BRDA:6,0,1,4
BRDA:7,1,0,6
BRDA:7,1,1,0
BRDA:8,2,0,2
BRDA:8,2,1,4
BRF:6
BRH:5
end_of_record
TN:
SF:/Users/olejensen/WebstormProjects/SAM/SAM-format/src/formatNumber/formatters/formatMileage.ts
FN:4,formatMileage
FNF:1
FNH:1
FNDA:4,formatMileage
DA:8,8
DA:9,4
LF:2
LH:2
BRDA:8,0,0,4
BRDA:8,0,1,2
BRDA:8,1,0,4
BRDA:8,1,1,0
BRDA:8,2,0,2
BRDA:8,2,1,2
BRF:6
BRH:5
end_of_record
TN:
SF:/Users/olejensen/WebstormProjects/SAM/SAM-format/src/init/init.ts
FN:16,init
FNF:1
FNH:1
FNDA:12,init
DA:7,5
DA:18,12
DA:21,12
DA:22,12
DA:23,11
DA:24,11
DA:30,1
DA:31,1
LF:8
LH:8
BRDA:18,0,0,11
BRDA:18,0,1,1
BRDA:18,1,0,12
BRDA:18,1,1,11
BRF:4
BRH:4
end_of_record
TN:
SF:/Users/olejensen/WebstormProjects/SAM/SAM-format/src/locales/da-DK.ts
FNF:0
FNH:0
DA:3,5
LF:1
LH:1
BRF:0
BRH:0
end_of_record
TN:
SF:/Users/olejensen/WebstormProjects/SAM/SAM-format/src/locales/sv-SE.ts
FNF:0
FNH:0
DA:3,4
LF:1
LH:1
BRF:0
BRH:0
end_of_record
